日志级别:[info]
日志位置:Git.Framework.Resource.ResourceManager
日志时间:2015/9/5 15:15:46
日志内容:FilePath:M:\项目管理\仓库管理系统标准版\仓库系统Win\WMS_Base\trunk\Git.Storage.Web\Configs\Data\DbCommandFiles.config

日志级别:[info]
日志位置:Git.Framework.Resource.ResourceManager
日志时间:2015/9/5 15:15:46
日志内容:反序列化:M:\项目管理\仓库管理系统标准版\仓库系统Win\WMS_Base\trunk\Git.Storage.Web\Configs\Data\DbCommandFiles.config

日志级别:[info]
日志位置:Git.Framework.Resource.ResourceManager
日志时间:2015/9/5 15:15:46
日志内容:config files length:2

日志级别:[info]
日志位置:Git.Framework.Resource.ResourceManager
日志时间:2015/9/5 15:15:46
日志内容:fileName:M:\项目管理\仓库管理系统标准版\仓库系统Win\WMS_Base\trunk\Git.Storage.Web\Configs\Data\DbVnPageRequestCommand.config

日志级别:[info]
日志位置:Git.Framework.Resource.ResourceManager
日志时间:2015/9/5 15:15:46
日志内容:反序列化:M:\项目管理\仓库管理系统标准版\仓库系统Win\WMS_Base\trunk\Git.Storage.Web\Configs\Data\DbVnPageRequestCommand.config

日志级别:[info]
日志位置:Git.Framework.Resource.ResourceManager
日志时间:2015/9/5 15:15:46
日志内容:fileName:M:\项目管理\仓库管理系统标准版\仓库系统Win\WMS_Base\trunk\Git.Storage.Web\Configs\Data\DbReportCommand.config

日志级别:[info]
日志位置:Git.Framework.Resource.ResourceManager
日志时间:2015/9/5 15:15:46
日志内容:反序列化:M:\项目管理\仓库管理系统标准版\仓库系统Win\WMS_Base\trunk\Git.Storage.Web\Configs\Data\DbReportCommand.config

日志级别:[info]
日志位置:Git.Framework.Resource.ResourceManager
日志时间:2015/9/5 15:15:46
日志内容: SQL: SELECT * FROM [dbo].[Storage]

日志级别:[info]
日志位置:Git.Framework.Resource.ResourceManager
日志时间:2015/9/5 15:15:46
日志内容:databaseFolder:M:\项目管理\仓库管理系统标准版\仓库系统Win\WMS_Base\trunk\Git.Storage.Web\Configs\Data

日志级别:[info]
日志位置:Git.Framework.Resource.ResourceManager
日志时间:2015/9/5 15:15:46
日志内容:databaseFile:Database.config

日志级别:[info]
日志位置:Git.Framework.Resource.ResourceManager
日志时间:2015/9/5 15:15:46
日志内容:反序列化:M:\项目管理\仓库管理系统标准版\仓库系统Win\WMS_Base\trunk\Git.Storage.Web\Configs\Data\Database.config

日志级别:[info]
日志位置:Git.Framework.Resource.ResourceManager
日志时间:2015/9/5 15:15:46
日志内容:instance.ConnectionString:Server=127.0.0.1;database=JooWMS;user id=sa;Password=000000

日志级别:[info]
日志位置:Git.Framework.Resource.ResourceManager
日志时间:2015/9/5 15:15:54
日志内容: SQL: SELECT t0.[ID],t0.[UserName],t0.[PassWord],t0.[UserCode],t0.[RealName],t0.[Email],t0.[Mobile],t0.[Phone],t0.[CreateTime],t0.[CreateIp],t0.[CreateUser],t0.[LoginCount],t0.[Picture],t0.[UpdateTime],t0.[IsDelete],t0.[Status],t0.[DepartNum],t0.[ParentCode],t0.[RoleNum],t0.[Remark],t1.[RoleName] AS RoleName FROM [dbo].[Admin] AS t0  LEFT JOIN [dbo].[SysRole] AS t1 ON  t0.[RoleNum]=t1.[RoleNum]  WHERE t0.[UserName]=@0_t0_UserName AND t0.[PassWord]=@1_t0_PassWord

日志级别:[info]
日志位置:Git.Framework.Resource.ResourceManager
日志时间:2015/9/5 15:15:54
日志内容: SQL :UPDATE [dbo].[Admin] SET [LoginCount]=@LoginCount  WHERE Admin.[UserCode]=@0_Admin_UserCode

日志级别:[info]
日志位置:Git.Framework.Resource.ResourceManager
日志时间:2015/9/5 15:15:54
日志内容: SQL :UPDATE [dbo].[Admin] SET [LoginCount]=@LoginCount  WHERE Admin.[UserName]=@0_Admin_UserName AND Admin.[PassWord]=@1_Admin_PassWord

日志级别:[info]
日志位置:Git.Framework.Resource.ResourceManager
日志时间:2015/9/5 15:15:54
日志内容: SQL: SELECT t0.[ID],t0.[ResNum],t0.[ResName],t0.[ParentNum],t0.[Depth],t0.[ParentPath],t0.[ChildCount],t0.[Sort],t0.[IsHide],t0.[IsDelete],t0.[Url],t0.[CssName],t0.[CreateTime],t0.[Depart],t0.[ResType],t0.[UpdateTime],t0.[CreateUser],t0.[UpdateUser],t0.[CreateIp],t0.[UpdateIp],t0.[Remark] FROM [dbo].[SysResource] AS t0   WHERE t0.[IsDelete]=@0_t0_IsDelete 

日志级别:[info]
日志位置:Git.Framework.Resource.ResourceManager
日志时间:2015/9/5 15:15:54
日志内容: SQL: SELECT t0.[ID],t0.[RoleNum],t0.[ResNum],t0.[ResType] FROM [dbo].[SysRelation] AS t0   

日志级别:[info]
日志位置:Git.Framework.Resource.ResourceManager
日志时间:2015/9/5 15:15:54
日志内容: SQL: SELECT * FROM [dbo].[Storage]

日志级别:[info]
日志位置:Git.Framework.Resource.ResourceManager
日志时间:2015/9/5 15:15:59
日志内容: SQL: SELECT * FROM [dbo].[Storage]

日志级别:[info]
日志位置:Git.Framework.Resource.ResourceManager
日志时间:2015/9/5 20:55:21
日志内容:FilePath:M:\项目管理\仓库管理系统标准版\仓库系统Win\WMS_Base\trunk\Git.Storage.Web\Configs\Data\DbCommandFiles.config

日志级别:[info]
日志位置:Git.Framework.Resource.ResourceManager
日志时间:2015/9/5 20:55:21
日志内容:反序列化:M:\项目管理\仓库管理系统标准版\仓库系统Win\WMS_Base\trunk\Git.Storage.Web\Configs\Data\DbCommandFiles.config

日志级别:[info]
日志位置:Git.Framework.Resource.ResourceManager
日志时间:2015/9/5 20:55:21
日志内容:config files length:2

日志级别:[info]
日志位置:Git.Framework.Resource.ResourceManager
日志时间:2015/9/5 20:55:21
日志内容:fileName:M:\项目管理\仓库管理系统标准版\仓库系统Win\WMS_Base\trunk\Git.Storage.Web\Configs\Data\DbVnPageRequestCommand.config

日志级别:[info]
日志位置:Git.Framework.Resource.ResourceManager
日志时间:2015/9/5 20:55:21
日志内容:反序列化:M:\项目管理\仓库管理系统标准版\仓库系统Win\WMS_Base\trunk\Git.Storage.Web\Configs\Data\DbVnPageRequestCommand.config

日志级别:[info]
日志位置:Git.Framework.Resource.ResourceManager
日志时间:2015/9/5 20:55:21
日志内容:fileName:M:\项目管理\仓库管理系统标准版\仓库系统Win\WMS_Base\trunk\Git.Storage.Web\Configs\Data\DbReportCommand.config

日志级别:[info]
日志位置:Git.Framework.Resource.ResourceManager
日志时间:2015/9/5 20:55:21
日志内容:反序列化:M:\项目管理\仓库管理系统标准版\仓库系统Win\WMS_Base\trunk\Git.Storage.Web\Configs\Data\DbReportCommand.config

日志级别:[info]
日志位置:Git.Framework.Resource.ResourceManager
日志时间:2015/9/5 20:55:21
日志内容: SQL: SELECT * FROM [dbo].[Storage]

日志级别:[info]
日志位置:Git.Framework.Resource.ResourceManager
日志时间:2015/9/5 20:55:21
日志内容:databaseFolder:M:\项目管理\仓库管理系统标准版\仓库系统Win\WMS_Base\trunk\Git.Storage.Web\Configs\Data

日志级别:[info]
日志位置:Git.Framework.Resource.ResourceManager
日志时间:2015/9/5 20:55:21
日志内容:databaseFile:Database.config

日志级别:[info]
日志位置:Git.Framework.Resource.ResourceManager
日志时间:2015/9/5 20:55:21
日志内容:反序列化:M:\项目管理\仓库管理系统标准版\仓库系统Win\WMS_Base\trunk\Git.Storage.Web\Configs\Data\Database.config

日志级别:[info]
日志位置:Git.Framework.Resource.ResourceManager
日志时间:2015/9/5 20:55:21
日志内容:instance.ConnectionString:Server=127.0.0.1;database=JooWMS;user id=sa;Password=000000

日志级别:[info]
日志位置:Git.Framework.Resource.ResourceManager
日志时间:2015/9/5 20:55:34
日志内容: SQL: SELECT t0.[ID],t0.[UserName],t0.[PassWord],t0.[UserCode],t0.[RealName],t0.[Email],t0.[Mobile],t0.[Phone],t0.[CreateTime],t0.[CreateIp],t0.[CreateUser],t0.[LoginCount],t0.[Picture],t0.[UpdateTime],t0.[IsDelete],t0.[Status],t0.[DepartNum],t0.[ParentCode],t0.[RoleNum],t0.[Remark],t1.[RoleName] AS RoleName FROM [dbo].[Admin] AS t0  LEFT JOIN [dbo].[SysRole] AS t1 ON  t0.[RoleNum]=t1.[RoleNum]  WHERE t0.[UserName]=@0_t0_UserName AND t0.[PassWord]=@1_t0_PassWord

日志级别:[info]
日志位置:Git.Framework.Resource.ResourceManager
日志时间:2015/9/5 20:55:34
日志内容: SQL :UPDATE [dbo].[Admin] SET [LoginCount]=@LoginCount  WHERE Admin.[UserCode]=@0_Admin_UserCode

日志级别:[info]
日志位置:Git.Framework.Resource.ResourceManager
日志时间:2015/9/5 20:55:34
日志内容: SQL :UPDATE [dbo].[Admin] SET [LoginCount]=@LoginCount  WHERE Admin.[UserName]=@0_Admin_UserName AND Admin.[PassWord]=@1_Admin_PassWord

日志级别:[info]
日志位置:Git.Framework.Resource.ResourceManager
日志时间:2015/9/5 20:55:34
日志内容: SQL: SELECT t0.[ID],t0.[ResNum],t0.[ResName],t0.[ParentNum],t0.[Depth],t0.[ParentPath],t0.[ChildCount],t0.[Sort],t0.[IsHide],t0.[IsDelete],t0.[Url],t0.[CssName],t0.[CreateTime],t0.[Depart],t0.[ResType],t0.[UpdateTime],t0.[CreateUser],t0.[UpdateUser],t0.[CreateIp],t0.[UpdateIp],t0.[Remark] FROM [dbo].[SysResource] AS t0   WHERE t0.[IsDelete]=@0_t0_IsDelete 

日志级别:[info]
日志位置:Git.Framework.Resource.ResourceManager
日志时间:2015/9/5 20:55:34
日志内容: SQL: SELECT t0.[ID],t0.[RoleNum],t0.[ResNum],t0.[ResType] FROM [dbo].[SysRelation] AS t0   

日志级别:[info]
日志位置:Git.Framework.Resource.ResourceManager
日志时间:2015/9/5 20:55:34
日志内容: SQL: SELECT * FROM [dbo].[Storage]

日志级别:[info]
日志位置:Git.Framework.Resource.ResourceManager
日志时间:2015/9/5 20:55:57
日志内容: SQL: SELECT * FROM [dbo].[Storage]

日志级别:[info]
日志位置:Git.Framework.Resource.ResourceManager
日志时间:2015/9/5 21:03:42
日志内容:FilePath:M:\项目管理\仓库管理系统标准版\仓库系统Win\WMS_Base\trunk\Git.Storage.Web\Configs\Data\DbCommandFiles.config

日志级别:[info]
日志位置:Git.Framework.Resource.ResourceManager
日志时间:2015/9/5 21:03:42
日志内容:反序列化:M:\项目管理\仓库管理系统标准版\仓库系统Win\WMS_Base\trunk\Git.Storage.Web\Configs\Data\DbCommandFiles.config

日志级别:[info]
日志位置:Git.Framework.Resource.ResourceManager
日志时间:2015/9/5 21:03:42
日志内容:config files length:2

日志级别:[info]
日志位置:Git.Framework.Resource.ResourceManager
日志时间:2015/9/5 21:03:42
日志内容:fileName:M:\项目管理\仓库管理系统标准版\仓库系统Win\WMS_Base\trunk\Git.Storage.Web\Configs\Data\DbVnPageRequestCommand.config

日志级别:[info]
日志位置:Git.Framework.Resource.ResourceManager
日志时间:2015/9/5 21:03:42
日志内容:反序列化:M:\项目管理\仓库管理系统标准版\仓库系统Win\WMS_Base\trunk\Git.Storage.Web\Configs\Data\DbVnPageRequestCommand.config

日志级别:[info]
日志位置:Git.Framework.Resource.ResourceManager
日志时间:2015/9/5 21:03:42
日志内容:fileName:M:\项目管理\仓库管理系统标准版\仓库系统Win\WMS_Base\trunk\Git.Storage.Web\Configs\Data\DbReportCommand.config

日志级别:[info]
日志位置:Git.Framework.Resource.ResourceManager
日志时间:2015/9/5 21:03:42
日志内容:反序列化:M:\项目管理\仓库管理系统标准版\仓库系统Win\WMS_Base\trunk\Git.Storage.Web\Configs\Data\DbReportCommand.config

日志级别:[info]
日志位置:Git.Framework.Resource.ResourceManager
日志时间:2015/9/5 21:03:42
日志内容: SQL: SELECT * FROM [dbo].[Storage]

日志级别:[info]
日志位置:Git.Framework.Resource.ResourceManager
日志时间:2015/9/5 21:03:42
日志内容:databaseFolder:M:\项目管理\仓库管理系统标准版\仓库系统Win\WMS_Base\trunk\Git.Storage.Web\Configs\Data

日志级别:[info]
日志位置:Git.Framework.Resource.ResourceManager
日志时间:2015/9/5 21:03:42
日志内容:databaseFile:Database.config

日志级别:[info]
日志位置:Git.Framework.Resource.ResourceManager
日志时间:2015/9/5 21:03:42
日志内容:反序列化:M:\项目管理\仓库管理系统标准版\仓库系统Win\WMS_Base\trunk\Git.Storage.Web\Configs\Data\Database.config

日志级别:[info]
日志位置:Git.Framework.Resource.ResourceManager
日志时间:2015/9/5 21:03:42
日志内容:instance.ConnectionString:Server=127.0.0.1;database=JooWMS;user id=sa;Password=000000

日志级别:[info]
日志位置:Git.Framework.Resource.ResourceManager
日志时间:2015/9/5 21:04:31
日志内容:FilePath:M:\项目管理\仓库管理系统标准版\仓库系统Win\WMS_Base\trunk\Git.Storage.Web\Configs\Data\DbCommandFiles.config

日志级别:[info]
日志位置:Git.Framework.Resource.ResourceManager
日志时间:2015/9/5 21:04:31
日志内容:反序列化:M:\项目管理\仓库管理系统标准版\仓库系统Win\WMS_Base\trunk\Git.Storage.Web\Configs\Data\DbCommandFiles.config

日志级别:[info]
日志位置:Git.Framework.Resource.ResourceManager
日志时间:2015/9/5 21:04:31
日志内容:config files length:2

日志级别:[info]
日志位置:Git.Framework.Resource.ResourceManager
日志时间:2015/9/5 21:04:31
日志内容:fileName:M:\项目管理\仓库管理系统标准版\仓库系统Win\WMS_Base\trunk\Git.Storage.Web\Configs\Data\DbVnPageRequestCommand.config

日志级别:[info]
日志位置:Git.Framework.Resource.ResourceManager
日志时间:2015/9/5 21:04:31
日志内容:反序列化:M:\项目管理\仓库管理系统标准版\仓库系统Win\WMS_Base\trunk\Git.Storage.Web\Configs\Data\DbVnPageRequestCommand.config

日志级别:[info]
日志位置:Git.Framework.Resource.ResourceManager
日志时间:2015/9/5 21:04:31
日志内容:fileName:M:\项目管理\仓库管理系统标准版\仓库系统Win\WMS_Base\trunk\Git.Storage.Web\Configs\Data\DbReportCommand.config

日志级别:[info]
日志位置:Git.Framework.Resource.ResourceManager
日志时间:2015/9/5 21:04:31
日志内容:反序列化:M:\项目管理\仓库管理系统标准版\仓库系统Win\WMS_Base\trunk\Git.Storage.Web\Configs\Data\DbReportCommand.config

日志级别:[info]
日志位置:Git.Framework.Resource.ResourceManager
日志时间:2015/9/5 21:04:31
日志内容: SQL: SELECT * FROM [dbo].[Storage]

日志级别:[info]
日志位置:Git.Framework.Resource.ResourceManager
日志时间:2015/9/5 21:04:31
日志内容:databaseFolder:M:\项目管理\仓库管理系统标准版\仓库系统Win\WMS_Base\trunk\Git.Storage.Web\Configs\Data

日志级别:[info]
日志位置:Git.Framework.Resource.ResourceManager
日志时间:2015/9/5 21:04:31
日志内容:databaseFile:Database.config

日志级别:[info]
日志位置:Git.Framework.Resource.ResourceManager
日志时间:2015/9/5 21:04:31
日志内容:反序列化:M:\项目管理\仓库管理系统标准版\仓库系统Win\WMS_Base\trunk\Git.Storage.Web\Configs\Data\Database.config

日志级别:[info]
日志位置:Git.Framework.Resource.ResourceManager
日志时间:2015/9/5 21:04:31
日志内容:instance.ConnectionString:Server=127.0.0.1;database=JooWMS;user id=sa;Password=000000

日志级别:[info]
日志位置:Git.Framework.Resource.ResourceManager
日志时间:2015/9/5 21:04:31
日志内容: SQL: SELECT * FROM [dbo].[Storage]

日志级别:[info]
日志位置:Git.Framework.Resource.ResourceManager
日志时间:2015/9/5 21:04:35
日志内容: SQL: SELECT t0.[ID],t0.[UserName],t0.[PassWord],t0.[UserCode],t0.[RealName],t0.[Email],t0.[Mobile],t0.[Phone],t0.[CreateTime],t0.[CreateIp],t0.[CreateUser],t0.[LoginCount],t0.[Picture],t0.[UpdateTime],t0.[IsDelete],t0.[Status],t0.[DepartNum],t0.[ParentCode],t0.[RoleNum],t0.[Remark],t1.[RoleName] AS RoleName FROM [dbo].[Admin] AS t0  LEFT JOIN [dbo].[SysRole] AS t1 ON  t0.[RoleNum]=t1.[RoleNum]  WHERE t0.[UserName]=@0_t0_UserName AND t0.[PassWord]=@1_t0_PassWord

日志级别:[info]
日志位置:Git.Framework.Resource.ResourceManager
日志时间:2015/9/5 21:04:35
日志内容: SQL :UPDATE [dbo].[Admin] SET [LoginCount]=@LoginCount  WHERE Admin.[UserCode]=@0_Admin_UserCode

日志级别:[info]
日志位置:Git.Framework.Resource.ResourceManager
日志时间:2015/9/5 21:04:35
日志内容: SQL :UPDATE [dbo].[Admin] SET [LoginCount]=@LoginCount  WHERE Admin.[UserName]=@0_Admin_UserName AND Admin.[PassWord]=@1_Admin_PassWord

日志级别:[info]
日志位置:Git.Framework.Resource.ResourceManager
日志时间:2015/9/5 21:04:35
日志内容: SQL: SELECT t0.[ID],t0.[ResNum],t0.[ResName],t0.[ParentNum],t0.[Depth],t0.[ParentPath],t0.[ChildCount],t0.[Sort],t0.[IsHide],t0.[IsDelete],t0.[Url],t0.[CssName],t0.[CreateTime],t0.[Depart],t0.[ResType],t0.[UpdateTime],t0.[CreateUser],t0.[UpdateUser],t0.[CreateIp],t0.[UpdateIp],t0.[Remark] FROM [dbo].[SysResource] AS t0   WHERE t0.[IsDelete]=@0_t0_IsDelete 

日志级别:[info]
日志位置:Git.Framework.Resource.ResourceManager
日志时间:2015/9/5 21:04:35
日志内容: SQL: SELECT t0.[ID],t0.[RoleNum],t0.[ResNum],t0.[ResType] FROM [dbo].[SysRelation] AS t0   

日志级别:[info]
日志位置:Git.Framework.Resource.ResourceManager
日志时间:2015/9/5 21:04:35
日志内容: SQL: SELECT * FROM [dbo].[Storage]

日志级别:[info]
日志位置:Git.Framework.Resource.ResourceManager
日志时间:2015/9/5 21:04:54
日志内容: SQL: SELECT * FROM [dbo].[Storage]

日志级别:[info]
日志位置:Git.Framework.Resource.ResourceManager
日志时间:2015/9/5 21:06:36
日志内容: SQL: SELECT * FROM [dbo].[Storage]

日志级别:[info]
日志位置:Git.Framework.Resource.ResourceManager
日志时间:2015/9/5 21:10:12
日志内容: SQL: SELECT * FROM [dbo].[Storage]

日志级别:[info]
日志位置:Git.Framework.Resource.ResourceManager
日志时间:2015/9/5 21:10:13
日志内容: SQL: SELECT t0.[ID],t0.[UserName],t0.[PassWord],t0.[UserCode],t0.[RealName],t0.[Email],t0.[Mobile],t0.[Phone],t0.[CreateTime],t0.[CreateIp],t0.[CreateUser],t0.[LoginCount],t0.[Picture],t0.[UpdateTime],t0.[IsDelete],t0.[Status],t0.[DepartNum],t0.[ParentCode],t0.[RoleNum],t0.[Remark],t1.[RoleName] AS RoleName FROM [dbo].[Admin] AS t0  LEFT JOIN [dbo].[SysRole] AS t1 ON  t0.[RoleNum]=t1.[RoleNum]  WHERE t0.[UserName]=@0_t0_UserName AND t0.[PassWord]=@1_t0_PassWord

日志级别:[info]
日志位置:Git.Framework.Resource.ResourceManager
日志时间:2015/9/5 21:10:13
日志内容: SQL :UPDATE [dbo].[Admin] SET [LoginCount]=@LoginCount  WHERE Admin.[UserCode]=@0_Admin_UserCode

日志级别:[info]
日志位置:Git.Framework.Resource.ResourceManager
日志时间:2015/9/5 21:10:13
日志内容: SQL :UPDATE [dbo].[Admin] SET [LoginCount]=@LoginCount  WHERE Admin.[UserName]=@0_Admin_UserName AND Admin.[PassWord]=@1_Admin_PassWord

日志级别:[info]
日志位置:Git.Framework.Resource.ResourceManager
日志时间:2015/9/5 21:10:13
日志内容: SQL: SELECT * FROM [dbo].[Storage]

日志级别:[info]
日志位置:Git.Framework.Resource.ResourceManager
日志时间:2015/9/5 21:10:20
日志内容: SQL: SELECT * FROM [dbo].[Storage]

日志级别:[info]
日志位置:Git.Framework.Resource.ResourceManager
日志时间:2015/9/5 21:15:08
日志内容: SQL: SELECT * FROM [dbo].[Storage]

日志级别:[info]
日志位置:Git.Framework.Resource.ResourceManager
日志时间:2015/9/5 21:15:11
日志内容: SQL: SELECT * FROM [dbo].[Storage]

日志级别:[info]
日志位置:Git.Framework.Resource.ResourceManager
日志时间:2015/9/5 21:15:11
日志内容: SQL: SELECT t0.[ID],t0.[CateNum],t0.[CateName],t0.[IsDelete],t0.[CreateTime],t0.[CreateUser],t0.[Remark] FROM [dbo].[ProductCategory] AS t0   WHERE t0.[IsDelete]=@0_t0_IsDelete ORDER BY t0.[ID] DESC

日志级别:[info]
日志位置:Git.Framework.Resource.ResourceManager
日志时间:2015/9/5 21:15:12
日志内容: SQL: DECLARE @StartIndex INT SET @StartIndex = 1 SELECT @RecordCount=COUNT(*) FROM [dbo].[Product] AS t0   WHERE t0.[IsDelete]=@0_t0_IsDelete IF (@PageIndex<=1) BEGIN SET @PageIndex=1 END SET @StartIndex = ( @PageIndex - 1 ) * @PageSize + 1 ; WITH TempTable AS( SELECT ROW_NUMBER() OVER (ORDER BY t0.[ID] DESC) RowNumber,t0.[ID],t0.[SnNum],t0.[BarCode],t0.[ProductName],t0.[Num],t0.[MinNum],t0.[MaxNum],t0.[UnitNum],t0.[UnitName],t0.[CateNum],t0.[CateName],t0.[Size],t0.[Color],t0.[InPrice],t0.[OutPrice],t0.[AvgPrice],t0.[NetWeight],t0.[GrossWeight],t0.[Description],t0.[PicUrl],t0.[IsDelete],t0.[CreateTime],t0.[CreateUser],t0.[StorageNum],t0.[DefaultLocal],t0.[CusNum],t0.[CusName],t0.[Display],t0.[Remark] FROM [dbo].[Product] AS t0   WHERE t0.[IsDelete]=@0_t0_IsDelete ) SELECT * FROM TempTable WHERE RowNumber BETWEEN (@StartIndex) AND (@PageIndex * @PageSize) 

日志级别:[info]
日志位置:Git.Framework.Resource.ResourceManager
日志时间:2015/9/5 21:15:12
日志内容:分页查询SQL语句组装时间:0

日志级别:[info]
日志位置:Git.Framework.Resource.ResourceManager
日志时间:2015/9/5 21:15:12
日志内容:分页查询SQL语句查询时间:29

日志级别:[info]
日志位置:Git.Framework.Resource.ResourceManager
日志时间:2015/9/5 21:15:14
日志内容: SQL: SELECT * FROM [dbo].[Storage]

日志级别:[info]
日志位置:Git.Framework.Resource.ResourceManager
日志时间:2015/9/5 21:15:15
日志内容: SQL: DECLARE @StartIndex INT SET @StartIndex = 1 SELECT @RecordCount=COUNT(*) FROM [dbo].[CheckStock] AS t0  LEFT JOIN [dbo].[Admin] AS t1 ON  t0.[CreateUser]=t1.[UserCode]  WHERE t0.[StorageNum]=@0_t0_StorageNum AND t0.[IsDelete]=@1_t0_IsDelete IF (@PageIndex<=1) BEGIN SET @PageIndex=1 END SET @StartIndex = ( @PageIndex - 1 ) * @PageSize + 1 ; WITH TempTable AS( SELECT ROW_NUMBER() OVER (ORDER BY t0.[ID] DESC) RowNumber,t0.[ID],t0.[OrderNum],t0.[Type],t0.[ProductType],t0.[StorageNum],t0.[ContractOrder],t0.[Status],t0.[LocalQty],t0.[CheckQty],t0.[IsDelete],t0.[IsComplete],t0.[CreateTime],t0.[CreateUser],t0.[AuditUser],t0.[AuditeTime],t0.[PrintUser],t0.[PrintTime],t0.[Reason],t0.[OperateType],t0.[EquipmentNum],t0.[EquipmentCode],t0.[Remark],t1.[UserName] AS CreateUserName FROM [dbo].[CheckStock] AS t0  LEFT JOIN [dbo].[Admin] AS t1 ON  t0.[CreateUser]=t1.[UserCode]  WHERE t0.[StorageNum]=@0_t0_StorageNum AND t0.[IsDelete]=@1_t0_IsDelete ) SELECT * FROM TempTable WHERE RowNumber BETWEEN (@StartIndex) AND (@PageIndex * @PageSize) 

日志级别:[info]
日志位置:Git.Framework.Resource.ResourceManager
日志时间:2015/9/5 21:15:15
日志内容:分页查询SQL语句组装时间:1

日志级别:[info]
日志位置:Git.Framework.Resource.ResourceManager
日志时间:2015/9/5 21:15:15
日志内容:分页查询SQL语句查询时间:32

日志级别:[info]
日志位置:Git.Framework.Resource.ResourceManager
日志时间:2015/9/5 21:15:17
日志内容: SQL: SELECT * FROM [dbo].[Storage]

日志级别:[info]
日志位置:Git.Framework.Resource.ResourceManager
日志时间:2015/9/5 21:15:17
日志内容: SQL: SELECT t0.[ID],t0.[OrderNum],t0.[Type],t0.[ProductType],t0.[StorageNum],t0.[ContractOrder],t0.[Status],t0.[LocalQty],t0.[CheckQty],t0.[IsDelete],t0.[IsComplete],t0.[CreateTime],t0.[CreateUser],t0.[AuditUser],t0.[AuditeTime],t0.[PrintUser],t0.[PrintTime],t0.[Reason],t0.[OperateType],t0.[EquipmentNum],t0.[EquipmentCode],t0.[Remark],t1.[UserName] AS CreateUserName FROM [dbo].[CheckStock] AS t0  LEFT JOIN [dbo].[Admin] AS t1 ON  t0.[CreateUser]=t1.[UserCode]  WHERE t0.[OrderNum]=@0_t0_OrderNum

日志级别:[info]
日志位置:Git.Framework.Resource.ResourceManager
日志时间:2015/9/5 21:15:17
日志内容: SQL: DECLARE @StartIndex INT SET @StartIndex = 1 SELECT @RecordCount=COUNT(*) FROM [dbo].[CheckData] AS t0   WHERE t0.[OrderNum]=@0_t0_OrderNum IF (@PageIndex<=1) BEGIN SET @PageIndex=1 END SET @StartIndex = ( @PageIndex - 1 ) * @PageSize + 1 ; WITH TempTable AS( SELECT ROW_NUMBER() OVER (ORDER BY t0.[ID] ASC) RowNumber,t0.[ID],t0.[OrderNum],t0.[LocalNum],t0.[LocalName],t0.[StorageNum],t0.[ProductNum],t0.[BarCode],t0.[ProductName],t0.[BatchNum],t0.[LocalQty],t0.[FirstQty],t0.[SecondQty],t0.[DifQty],t0.[FirstUser],t0.[SecondUser],t0.[CreateTime] FROM [dbo].[CheckData] AS t0   WHERE t0.[OrderNum]=@0_t0_OrderNum ) SELECT * FROM TempTable WHERE RowNumber BETWEEN (@StartIndex) AND (@PageIndex * @PageSize) 

日志级别:[info]
日志位置:Git.Framework.Resource.ResourceManager
日志时间:2015/9/5 21:15:17
日志内容:分页查询SQL语句组装时间:0

日志级别:[info]
日志位置:Git.Framework.Resource.ResourceManager
日志时间:2015/9/5 21:15:17
日志内容:分页查询SQL语句查询时间:73

日志级别:[info]
日志位置:Git.Framework.Resource.ResourceManager
日志时间:2015/9/5 21:15:17
日志内容: SQL: SELECT t0.[ID],t0.[LocalNum],t0.[LocalBarCode],t0.[LocalName],t0.[StorageNum],t0.[StorageType],t0.[LocalType],t0.[Rack],t0.[Length],t0.[Width],t0.[Height],t0.[X],t0.[Y],t0.[Z],t0.[UnitNum],t0.[UnitName],t0.[Remark],t0.[IsForbid],t0.[IsDefault],t0.[IsDelete],t0.[CreateTime] FROM [dbo].[Location] AS t0   WHERE t0.[IsDelete]=@0_t0_IsDelete 

日志级别:[info]
日志位置:Git.Framework.Resource.ResourceManager
日志时间:2015/9/5 21:15:17
日志内容: SQL: SELECT t0.[ID],t0.[LocalNum],t0.[LocalBarCode],t0.[LocalName],t0.[StorageNum],t0.[StorageType],t0.[LocalType],t0.[Rack],t0.[Length],t0.[Width],t0.[Height],t0.[X],t0.[Y],t0.[Z],t0.[UnitNum],t0.[UnitName],t0.[Remark],t0.[IsForbid],t0.[IsDefault],t0.[IsDelete],t0.[CreateTime] FROM [dbo].[Location] AS t0   WHERE t0.[IsDelete]=@0_t0_IsDelete 

日志级别:[info]
日志位置:Git.Framework.Resource.ResourceManager
日志时间:2015/9/5 21:15:17
日志内容: SQL: SELECT t0.[ID],t0.[LocalNum],t0.[LocalBarCode],t0.[LocalName],t0.[StorageNum],t0.[StorageType],t0.[LocalType],t0.[Rack],t0.[Length],t0.[Width],t0.[Height],t0.[X],t0.[Y],t0.[Z],t0.[UnitNum],t0.[UnitName],t0.[Remark],t0.[IsForbid],t0.[IsDefault],t0.[IsDelete],t0.[CreateTime] FROM [dbo].[Location] AS t0   WHERE t0.[IsDelete]=@0_t0_IsDelete 

日志级别:[info]
日志位置:Git.Framework.Resource.ResourceManager
日志时间:2015/9/5 21:15:17
日志内容: SQL: SELECT t0.[ID],t0.[LocalNum],t0.[LocalBarCode],t0.[LocalName],t0.[StorageNum],t0.[StorageType],t0.[LocalType],t0.[Rack],t0.[Length],t0.[Width],t0.[Height],t0.[X],t0.[Y],t0.[Z],t0.[UnitNum],t0.[UnitName],t0.[Remark],t0.[IsForbid],t0.[IsDefault],t0.[IsDelete],t0.[CreateTime] FROM [dbo].[Location] AS t0   WHERE t0.[IsDelete]=@0_t0_IsDelete 

日志级别:[info]
日志位置:Git.Framework.Resource.ResourceManager
日志时间:2015/9/5 21:15:17
日志内容: SQL: SELECT t0.[ID],t0.[LocalNum],t0.[LocalBarCode],t0.[LocalName],t0.[StorageNum],t0.[StorageType],t0.[LocalType],t0.[Rack],t0.[Length],t0.[Width],t0.[Height],t0.[X],t0.[Y],t0.[Z],t0.[UnitNum],t0.[UnitName],t0.[Remark],t0.[IsForbid],t0.[IsDefault],t0.[IsDelete],t0.[CreateTime] FROM [dbo].[Location] AS t0   WHERE t0.[IsDelete]=@0_t0_IsDelete 

日志级别:[info]
日志位置:Git.Framework.Resource.ResourceManager
日志时间:2015/9/5 21:15:17
日志内容: SQL: SELECT * FROM [dbo].[Storage]

日志级别:[info]
日志位置:Git.Framework.Resource.ResourceManager
日志时间:2015/9/5 21:15:17
日志内容: SQL: SELECT * FROM [dbo].[Storage]

日志级别:[info]
日志位置:Git.Framework.Resource.ResourceManager
日志时间:2015/9/5 21:15:17
日志内容: SQL: SELECT * FROM [dbo].[Storage]

日志级别:[info]
日志位置:Git.Framework.Resource.ResourceManager
日志时间:2015/9/5 21:15:17
日志内容: SQL: SELECT * FROM [dbo].[Storage]

日志级别:[info]
日志位置:Git.Framework.Resource.ResourceManager
日志时间:2015/9/5 21:15:17
日志内容: SQL: SELECT * FROM [dbo].[Storage]

日志级别:[info]
日志位置:Git.Framework.Resource.ResourceManager
日志时间:2015/9/5 21:16:20
日志内容: SQL: SELECT * FROM [dbo].[Storage]

日志级别:[info]
日志位置:Git.Framework.Resource.ResourceManager
日志时间:2015/9/5 21:17:18
日志内容: SQL: SELECT * FROM [dbo].[Storage]

日志级别:[info]
日志位置:Git.Framework.Resource.ResourceManager
日志时间:2015/9/5 21:19:04
日志内容: SQL: SELECT * FROM [dbo].[Storage]

日志级别:[info]
日志位置:Git.Framework.Resource.ResourceManager
日志时间:2015/9/5 21:22:24
日志内容:FilePath:M:\项目管理\仓库管理系统标准版\仓库系统Win\WMS_Base\trunk\Git.Storage.Web\Configs\Data\DbCommandFiles.config

日志级别:[info]
日志位置:Git.Framework.Resource.ResourceManager
日志时间:2015/9/5 21:22:24
日志内容:反序列化:M:\项目管理\仓库管理系统标准版\仓库系统Win\WMS_Base\trunk\Git.Storage.Web\Configs\Data\DbCommandFiles.config

日志级别:[info]
日志位置:Git.Framework.Resource.ResourceManager
日志时间:2015/9/5 21:22:24
日志内容:config files length:2

日志级别:[info]
日志位置:Git.Framework.Resource.ResourceManager
日志时间:2015/9/5 21:22:24
日志内容:fileName:M:\项目管理\仓库管理系统标准版\仓库系统Win\WMS_Base\trunk\Git.Storage.Web\Configs\Data\DbVnPageRequestCommand.config

日志级别:[info]
日志位置:Git.Framework.Resource.ResourceManager
日志时间:2015/9/5 21:22:24
日志内容:反序列化:M:\项目管理\仓库管理系统标准版\仓库系统Win\WMS_Base\trunk\Git.Storage.Web\Configs\Data\DbVnPageRequestCommand.config

日志级别:[info]
日志位置:Git.Framework.Resource.ResourceManager
日志时间:2015/9/5 21:22:25
日志内容:fileName:M:\项目管理\仓库管理系统标准版\仓库系统Win\WMS_Base\trunk\Git.Storage.Web\Configs\Data\DbReportCommand.config

日志级别:[info]
日志位置:Git.Framework.Resource.ResourceManager
日志时间:2015/9/5 21:22:25
日志内容:反序列化:M:\项目管理\仓库管理系统标准版\仓库系统Win\WMS_Base\trunk\Git.Storage.Web\Configs\Data\DbReportCommand.config

日志级别:[info]
日志位置:Git.Framework.Resource.ResourceManager
日志时间:2015/9/5 21:22:25
日志内容: SQL: SELECT * FROM [dbo].[Storage]

日志级别:[info]
日志位置:Git.Framework.Resource.ResourceManager
日志时间:2015/9/5 21:22:25
日志内容:databaseFolder:M:\项目管理\仓库管理系统标准版\仓库系统Win\WMS_Base\trunk\Git.Storage.Web\Configs\Data

日志级别:[info]
日志位置:Git.Framework.Resource.ResourceManager
日志时间:2015/9/5 21:22:25
日志内容:databaseFile:Database.config

日志级别:[info]
日志位置:Git.Framework.Resource.ResourceManager
日志时间:2015/9/5 21:22:25
日志内容:反序列化:M:\项目管理\仓库管理系统标准版\仓库系统Win\WMS_Base\trunk\Git.Storage.Web\Configs\Data\Database.config

日志级别:[info]
日志位置:Git.Framework.Resource.ResourceManager
日志时间:2015/9/5 21:22:25
日志内容:instance.ConnectionString:Server=127.0.0.1;database=JooWMS;user id=sa;Password=000000

日志级别:[info]
日志位置:Git.Framework.Resource.ResourceManager
日志时间:2015/9/5 21:22:25
日志内容: SQL: SELECT * FROM [dbo].[Storage]

日志级别:[info]
日志位置:Git.Framework.Resource.ResourceManager
日志时间:2015/9/5 21:22:31
日志内容: SQL: SELECT t0.[ID],t0.[UserName],t0.[PassWord],t0.[UserCode],t0.[RealName],t0.[Email],t0.[Mobile],t0.[Phone],t0.[CreateTime],t0.[CreateIp],t0.[CreateUser],t0.[LoginCount],t0.[Picture],t0.[UpdateTime],t0.[IsDelete],t0.[Status],t0.[DepartNum],t0.[ParentCode],t0.[RoleNum],t0.[Remark],t1.[RoleName] AS RoleName FROM [dbo].[Admin] AS t0  LEFT JOIN [dbo].[SysRole] AS t1 ON  t0.[RoleNum]=t1.[RoleNum]  WHERE t0.[UserName]=@0_t0_UserName AND t0.[PassWord]=@1_t0_PassWord

日志级别:[info]
日志位置:Git.Framework.Resource.ResourceManager
日志时间:2015/9/5 21:22:31
日志内容: SQL :UPDATE [dbo].[Admin] SET [LoginCount]=@LoginCount  WHERE Admin.[UserCode]=@0_Admin_UserCode

日志级别:[info]
日志位置:Git.Framework.Resource.ResourceManager
日志时间:2015/9/5 21:22:31
日志内容: SQL :UPDATE [dbo].[Admin] SET [LoginCount]=@LoginCount  WHERE Admin.[UserName]=@0_Admin_UserName AND Admin.[PassWord]=@1_Admin_PassWord

日志级别:[info]
日志位置:Git.Framework.Resource.ResourceManager
日志时间:2015/9/5 21:22:31
日志内容: SQL: SELECT t0.[ID],t0.[ResNum],t0.[ResName],t0.[ParentNum],t0.[Depth],t0.[ParentPath],t0.[ChildCount],t0.[Sort],t0.[IsHide],t0.[IsDelete],t0.[Url],t0.[CssName],t0.[CreateTime],t0.[Depart],t0.[ResType],t0.[UpdateTime],t0.[CreateUser],t0.[UpdateUser],t0.[CreateIp],t0.[UpdateIp],t0.[Remark] FROM [dbo].[SysResource] AS t0   WHERE t0.[IsDelete]=@0_t0_IsDelete 

日志级别:[info]
日志位置:Git.Framework.Resource.ResourceManager
日志时间:2015/9/5 21:22:31
日志内容: SQL: SELECT t0.[ID],t0.[RoleNum],t0.[ResNum],t0.[ResType] FROM [dbo].[SysRelation] AS t0   

日志级别:[info]
日志位置:Git.Framework.Resource.ResourceManager
日志时间:2015/9/5 21:22:31
日志内容: SQL: SELECT * FROM [dbo].[Storage]

日志级别:[info]
日志位置:Git.Framework.Resource.ResourceManager
日志时间:2015/9/5 21:25:32
日志内容: SQL: SELECT * FROM [dbo].[Storage]

